// System
8000c8ac:__nw__FUl
8000c8b8:__nw__FUl8HeapType
8000c8c8:__dl__FPv
8000c8dc:__dla__FPv

// gfTask
8002d8b8:__ct__6gfTaskFPciiii
8002ddc8:processDefault__6gfTaskFv
8002ddd8:processBegin__6gfTaskFv
8002dde8:processAnim__6gfTaskFv
8002ddf8:processUpdate__6gfTaskFv
8002de08:processPreMapCorrection__6gfTaskFv
8002de18:processMapCorrection__6gfTaskFv
8002de28:processFixPosition__6gfTaskFv
8002de38:processPreCollision__6gfTaskFv
8002de48:processCollision__6gfTaskFv
8002de58:processCatch__6gfTaskFv
8002de68:processHit__6gfTaskFv
8002de78:processCamera__6gfTaskFv
8002de88:processFixCamera__6gfTaskFv
8002de98:processEffect__6gfTaskFv
8002dea8:processGameProc__6gfTaskFv
8002deb8:processEnd__6gfTaskFv
8002dec8:renderPre__6gfTaskFv
8002decc:renderOpa__6gfTaskFv
8002ded0:renderXlu__6gfTaskFv
8002ded4:processDebug__6gfTaskFv
8002ded8:renderDebug__6gfTaskFv
8002ddc4:init__6gfTaskFv
8002da1c:__dt__6gfTaskFv

// Stage
27,1,002225A8:createObj__5StageFv
27,1,0022269C:createObjPokeTrainer__5StageFiiiii
27,1,002257B4:getPokeTrainerPointNum__5StageFv
27,1,002257B0:getPokeTrainerPointData__5StageFPii
27,1,002257A4:getPokeTrainerPositionZ__5StageFv
27,1,0022579C:getPokeTrainerDrawLayer__5StageFv
27,1,00225794:isAdventureStage__5StageFv
27,1,00224AF4:getItemPac__5StageFP9gfArchiveP9gfArchiveii
27,1,00224AF8:getItemGenPac__5StageFv
27,1,00224AFC:getItemPacEnemyFigure__5StageFv
27,1,00224B00:getEnemyPac__5StageFv
27,1,00224B04:getAdvRadarData__5StageFv
27,1,00221B68:initializeStage__5StageFv
27,1,00221F80:closeStage__5StageFv
27,1,00222AAC:renderDebugPositions__5StageFv
27,1,00222588:loading__5StageFv
27,1,002227AC:process__5StageFv
27,1,002245B8:updateStagePositions__5StageFv
27,1,002246AC:debugCollision__5StageFv
27,1,001ED054:getAIRange__5StageFv
27,1,0008C01C:getDefaultLightSetIndex__5StageFv
27,1,002227E0:getZoneLightSetIndex__5StageFv
27,1,00225778:getScrollDir__5StageFi
27,1,00222B54:clearCameraParam__5StageFv
27,1,00222B98:initCameraParam__5StageFv
27,1,00222590:startLoadLocalData__5StageFv
27,1,00222594:isLoadLocalData__5StageFv
27,1,0022259C:entryLocalData__5StageFv
27,1,002225A4:removeLocalData__5StageFv
27,1,00225774:appearanceFighterLocal__5StageFv
27,1,0022341C:getFighterStartPos__5StageFii
27,1,00223458:getFighterReStartPos__5StageFii
27,1,00223494:isReStartSamePoint__5StageFv
27,1,0022349C:getPokeTrainerStartPos__5StageFii
27,1,002234D8:getItemPosCount__5StageFv
27,1,002234F4:getItemPos__5StageFiii
27,1,0022353C:getRandItemPos__5StageFi
27,1,00223564:getKirifudaPos__5StageFii
27,1,002235D4:getKirifudaAngle__5StageFi
27,1,00223620:getKirifudaScale__5StageFii
27,1,0022368C:getKirifudaModelType__5StageFi
27,1,002236CC:getPokeTrainerPosCount__5StageFv
27,1,002236D4:getPokeTrainerPos__5StageFiii
27,1,002237A0:getFighterDeadEffectSizeRate__5StageFv
27,1,002237A8:getEnemyDeadEffectSizeRate__5StageFv
27,1,002237B0:getEnableZ__5StageFv
27,1,00225764:getBgmID__5StageFv
27,1,0022576C:getBgmIDOverload__5StageFv
27,1,0022575C:getNowStepBgmID__5StageFv
27,1,00225754:getBgmOptionID__5StageFv
27,1,0022574C:isBgmChange__5StageFv
27,1,00225738:getBgmChangeID__5StageFii
27,1,00225728:setBgmChange__5StageFfii
27,1,0022571C:getBgmVolume__5StageFv
27,1,00225710:getBgmPlayOffsetFrame__5StageFv
27,1,00225708:isNextStepBgmEqualNowStepBgmFromFlag__5StageFv
27,1,00225700:setFrameRuleTime__5StageFf
27,1,001E9658:getFrameRuleTime__5StageFv
27,1,002256FC:notifyTimmingGameStart__5StageFv
27,1,0022487C:isEnd__5StageFv
27,1,00224884:isEventEnd__5StageFv
27,1,00224798:enableDevil__5StageFv
27,1,002247B8:disableDevil__5StageFv
27,1,002247D8:isDevil__5StageFv
27,1,002247E0:setDevilScrool__5StageFff
27,1,0022485C:getLucarioFinalTechniquePosition__5StageFi
27,1,00224B40:startAppear__5StageFv
27,1,00224B5C:setAppearKind__5StageFv
27,1,00224B58:endAppear__5StageFv
27,1,00224DAC:getAppearTask__5StageFv
27,1,00224DB4:forceStopAppear__5StageFv
27,1,0022488C:getFinalTechniqColor__5StageFv
27,1,00224898:setMotionRatio__5StageFff
27,1,002248F0:saveMotionRatio__5StageFi
27,1,00224914:restoreMotionRatio__5StageFi
27,1,00224938:setMotionSubRatio__5StageFff
27,1,00224990:saveMotionSubRatio__5StageFi
27,1,002249B4:restoreMotionSubRatio__5StageFi
27,1,000B319C:isCameraLocked__5StageFv
27,1,002256F4:isBossBattleMode__5StageFv
27,1,002256EC:isSimpleBossBattleMode__5StageFv
27,1,00224B48:isAppear__5StageFv
27,1,00224B50:isStartAppearTimming__5StageFv
27,1,00224B60:getMadeinAiData__5StageFv
27,1,00224B68:isBamperVector__5StageFv
27,1,00224B70:getBamperVector__5StageFi
27,1,002249D8:notifyEventInfoReady__5StageFv
27,1,002249DC:notifyEventInfoGo__5StageFv
27,1,00224B08:getDestroyBossParamCommon__5StageFv
27,1,00224B3C:stAdventureEventGetItem__5StageFv
27,1,00224D88:setStageOutEffectInit__5StageFv
27,1,00224D98:setStageInEffectInit__5StageFv
27,1,002256E4:helperStarWarp__5StageFv
27,1,002256DC:initializeFighterAttackRatio__5StageFv
27,1,002256D8:startFighterEvent__5StageFv
27,1,00224D5C:getZoneState__5StageFv
27,1,00224D64:getZonePos__5StageFv
27,1,00224D68:getMagmaHeight__5StageFv
27,1,00224D74:getAcidHeight__5StageFv
27,1,00224D80:getIteamDropStatus__5StageFv
27,1,002256D0:createWind2ndOnly__5StageFv
27,1,002256C8:getWind2ndOnlyData__5StageFv
27,1,002256C4:updateWind2ndOnly__5StageFv
27,1,00224DA8:setVision__5StageFv
27,1,00222190:processBegin__5StageFv
27,1,00222288:processAnim__5StageFv
27,1,002224cc:processUpdate__5StageFv
27,1,002224d0:processMapCorrection__5StageFv
27,1,002224d4:processFixCamera__5StageFv
27,1,00222520:processEnd__5StageFv
27,1,00222574:renderPre__5StageFv
27,1,00222aa8:renderDebug__5StageFv
27,1,00221d48:__dt__5StageFv
27,1,00223140:testStageParamInit__5StageFP9gfArchivei

// stMelee
27,1,00238bdc:__ct__7stMeleeFPci
27,1,00239660:update__7stMeleeFv
27,1,002394cc:setCameraLimitRange__7stMeleeFffff
27,1,00239534:resetCameraLimitRange__7stMeleeFv
27,1,00239ae4:checkChangeScene__7stMeleeFv
27,1,00239aec:resetChangeScene__7stMeleeFv
27,1,00239af0:setChangeSceneNumber__7stMeleeFv
27,1,00238dec:__dt__7stMeleeFv